<?xml version="1.0" encoding="UTF-8"?>
<!-- Generated by org.testng.reporters.JUnitReportReporter -->
<testsuite hostname="WW302856" name="exam.preparation.ExamPreparationProject.PreparationTest" tests="1" failures="0" timestamp="23 Jun 2017 14:29:39 GMT" time="9.186" errors="0">
  <testcase name="testIfAccountCanBeCreated" time="9.186" classname="exam.preparation.ExamPreparationProject.PreparationTest"/>
</testsuite> <!-- exam.preparation.ExamPreparationProject.PreparationTest -->
